# JRE version: OpenJDK Runtime Environment (8.0_275-b01) (build 1.8.0_275-8u275-b01-0ubuntu1~18.04-b01)
# Java VM: OpenJDK 64-Bit Server VM (25.275-b01 mixed mode linux-amd64 compressed oops)
Heap:
 PSYoungGen      total 294912K, used 4749K [0x00000000eab00000, 0x0000000100000000, 0x0000000100000000)
  eden space 239104K, 1% used [0x00000000eab00000,0x00000000eafa3430,0x00000000f9480000)
  from space 55808K, 0% used [0x00000000fc980000,0x00000000fc980000,0x0000000100000000)
  to   space 54272K, 0% used [0x00000000f9480000,0x00000000f9480000,0x00000000fc980000)
 ParOldGen       total 683008K, used 191495K [0x00000000c0000000, 0x00000000e9b00000, 0x00000000eab00000)
  object space 683008K, 28% used [0x00000000c0000000,0x00000000cbb01ea0,0x00000000e9b00000)
 Metaspace       used 13954K, capacity 14564K, committed 14848K, reserved 1062912K
  class space    used 2054K, capacity 2185K, committed 2304K, reserved 1048576K
GC Heap History (10 events):
Event: 407.206 GC heap before
{Heap before GC invocations=227 (full 5):
 PSYoungGen      total 333312K, used 317440K [0x00000000eab00000, 0x0000000100000000, 0x0000000100000000)
  eden space 317440K, 100% used [0x00000000eab00000,0x00000000fe100000,0x00000000fe100000)
  from space 15872K, 0% used [0x00000000fe100000,0x00000000fe100000,0x00000000ff080000)
  to   space 15360K, 0% used [0x00000000ff100000,0x00000000ff100000,0x0000000100000000)
 ParOldGen       total 683008K, used 71931K [0x00000000c0000000, 0x00000000e9b00000, 0x00000000eab00000)
  object space 683008K, 10% used [0x00000000c0000000,0x00000000c463ee98,0x00000000e9b00000)
 Metaspace       used 13950K, capacity 14564K, committed 14848K, reserved 1062912K
  class space    used 2054K, capacity 2185K, committed 2304K, reserved 1048576K
Event: 407.351 GC heap after
Heap after GC invocations=227 (full 5):
 PSYoungGen      total 249856K, used 15337K [0x00000000eab00000, 0x0000000100000000, 0x0000000100000000)
  eden space 234496K, 0% used [0x00000000eab00000,0x00000000eab00000,0x00000000f9000000)
  from space 15360K, 99% used [0x00000000ff100000,0x00000000ffffa500,0x0000000100000000)
  to   space 57344K, 0% used [0x00000000f9000000,0x00000000f9000000,0x00000000fc800000)
 ParOldGen       total 683008K, used 177000K [0x00000000c0000000, 0x00000000e9b00000, 0x00000000eab00000)
  object space 683008K, 25% used [0x00000000c0000000,0x00000000cacda028,0x00000000e9b00000)
 Metaspace       used 13950K, capacity 14564K, committed 14848K, reserved 1062912K
  class space    used 2054K, capacity 2185K, committed 2304K, reserved 1048576K
}
Event: 407.404 GC heap before
{Heap before GC invocations=228 (full 5):
 PSYoungGen      total 249856K, used 19994K [0x00000000eab00000, 0x0000000100000000, 0x0000000100000000)
  eden space 234496K, 1% used [0x00000000eab00000,0x00000000eaf8c6b8,0x00000000f9000000)
  from space 15360K, 99% used [0x00000000ff100000,0x00000000ffffa500,0x0000000100000000)
  to   space 57344K, 0% used [0x00000000f9000000,0x00000000f9000000,0x00000000fc800000)
 ParOldGen       total 683008K, used 177000K [0x00000000c0000000, 0x00000000e9b00000, 0x00000000eab00000)
  object space 683008K, 25% used [0x00000000c0000000,0x00000000cacda028,0x00000000e9b00000)
 Metaspace       used 13950K, capacity 14564K, committed 14848K, reserved 1062912K
  class space    used 2054K, capacity 2185K, committed 2304K, reserved 1048576K
Event: 407.435 GC heap after
Heap after GC invocations=228 (full 5):
 PSYoungGen      total 291840K, used 96K [0x00000000eab00000, 0x0000000100000000, 0x0000000100000000)
  eden space 234496K, 0% used [0x00000000eab00000,0x00000000eab00000,0x00000000f9000000)
  from space 57344K, 0% used [0x00000000f9000000,0x00000000f9018000,0x00000000fc800000)
  to   space 55808K, 0% used [0x00000000fc980000,0x00000000fc980000,0x0000000100000000)
 ParOldGen       total 683008K, used 192905K [0x00000000c0000000, 0x00000000e9b00000, 0x00000000eab00000)
  object space 683008K, 28% used [0x00000000c0000000,0x00000000cbc62550,0x00000000e9b00000)
 Metaspace       used 13950K, capacity 14564K, committed 14848K, reserved 1062912K
  class space    used 2054K, capacity 2185K, committed 2304K, reserved 1048576K
}
Event: 407.435 GC heap before
{Heap before GC invocations=229 (full 6):
 PSYoungGen      total 291840K, used 96K [0x00000000eab00000, 0x0000000100000000, 0x0000000100000000)
  eden space 234496K, 0% used [0x00000000eab00000,0x00000000eab00000,0x00000000f9000000)
  from space 57344K, 0% used [0x00000000f9000000,0x00000000f9018000,0x00000000fc800000)
  to   space 55808K, 0% used [0x00000000fc980000,0x00000000fc980000,0x0000000100000000)
 ParOldGen       total 683008K, used 192905K [0x00000000c0000000, 0x00000000e9b00000, 0x00000000eab00000)
  object space 683008K, 28% used [0x00000000c0000000,0x00000000cbc62550,0x00000000e9b00000)
 Metaspace       used 13950K, capacity 14564K, committed 14848K, reserved 1062912K
  class space    used 2054K, capacity 2185K, committed 2304K, reserved 1048576K
Event: 408.877 GC heap after
Heap after GC invocations=229 (full 6):
 PSYoungGen      total 291840K, used 0K [0x00000000eab00000, 0x0000000100000000, 0x0000000100000000)
  eden space 234496K, 0% used [0x00000000eab00000,0x00000000eab00000,0x00000000f9000000)
  from space 57344K, 0% used [0x00000000f9000000,0x00000000f9000000,0x00000000fc800000)
  to   space 55808K, 0% used [0x00000000fc980000,0x00000000fc980000,0x0000000100000000)
 ParOldGen       total 683008K, used 191497K [0x00000000c0000000, 0x00000000e9b00000, 0x00000000eab00000)
  object space 683008K, 28% used [0x00000000c0000000,0x00000000cbb02420,0x00000000e9b00000)
 Metaspace       used 13950K, capacity 14564K, committed 14848K, reserved 1062912K
  class space    used 2054K, capacity 2185K, committed 2304K, reserved 1048576K
}
Event: 408.939 GC heap before
{Heap before GC invocations=230 (full 6):
 PSYoungGen      total 291840K, used 4657K [0x00000000eab00000, 0x0000000100000000, 0x0000000100000000)
  eden space 234496K, 1% used [0x00000000eab00000,0x00000000eaf8c640,0x00000000f9000000)
  from space 57344K, 0% used [0x00000000f9000000,0x00000000f9000000,0x00000000fc800000)
  to   space 55808K, 0% used [0x00000000fc980000,0x00000000fc980000,0x0000000100000000)
 ParOldGen       total 683008K, used 191497K [0x00000000c0000000, 0x00000000e9b00000, 0x00000000eab00000)
  object space 683008K, 28% used [0x00000000c0000000,0x00000000cbb02420,0x00000000e9b00000)
 Metaspace       used 13952K, capacity 14564K, committed 14848K, reserved 1062912K
  class space    used 2054K, capacity 2185K, committed 2304K, reserved 1048576K
Event: 408.940 GC heap after
Heap after GC invocations=230 (full 6):
 PSYoungGen      total 294912K, used 128K [0x00000000eab00000, 0x0000000100000000, 0x0000000100000000)
  eden space 239104K, 0% used [0x00000000eab00000,0x00000000eab00000,0x00000000f9480000)
  from space 55808K, 0% used [0x00000000fc980000,0x00000000fc9a0000,0x0000000100000000)
  to   space 54272K, 0% used [0x00000000f9480000,0x00000000f9480000,0x00000000fc980000)
 ParOldGen       total 683008K, used 191497K [0x00000000c0000000, 0x00000000e9b00000, 0x00000000eab00000)
  object space 683008K, 28% used [0x00000000c0000000,0x00000000cbb02420,0x00000000e9b00000)
 Metaspace       used 13952K, capacity 14564K, committed 14848K, reserved 1062912K
  class space    used 2054K, capacity 2185K, committed 2304K, reserved 1048576K
}
Event: 408.940 GC heap before
{Heap before GC invocations=231 (full 7):
 PSYoungGen      total 294912K, used 128K [0x00000000eab00000, 0x0000000100000000, 0x0000000100000000)
  eden space 239104K, 0% used [0x00000000eab00000,0x00000000eab00000,0x00000000f9480000)
  from space 55808K, 0% used [0x00000000fc980000,0x00000000fc9a0000,0x0000000100000000)
  to   space 54272K, 0% used [0x00000000f9480000,0x00000000f9480000,0x00000000fc980000)
 ParOldGen       total 683008K, used 191497K [0x00000000c0000000, 0x00000000e9b00000, 0x00000000eab00000)
  object space 683008K, 28% used [0x00000000c0000000,0x00000000cbb02420,0x00000000e9b00000)
 Metaspace       used 13952K, capacity 14564K, committed 14848K, reserved 1062912K
  class space    used 2054K, capacity 2185K, committed 2304K, reserved 1048576K
Event: 409.672 GC heap after
Heap after GC invocations=231 (full 7):
 PSYoungGen      total 294912K, used 0K [0x00000000eab00000, 0x0000000100000000, 0x0000000100000000)
  eden space 239104K, 0% used [0x00000000eab00000,0x00000000eab00000,0x00000000f9480000)
  from space 55808K, 0% used [0x00000000fc980000,0x00000000fc980000,0x0000000100000000)
  to   space 54272K, 0% used [0x00000000f9480000,0x00000000f9480000,0x00000000fc980000)
 ParOldGen       total 683008K, used 191495K [0x00000000c0000000, 0x00000000e9b00000, 0x00000000eab00000)
  object space 683008K, 28% used [0x00000000c0000000,0x00000000cbb01ea0,0x00000000e9b00000)
 Metaspace       used 13952K, capacity 14564K, committed 14848K, reserved 1062912K
  class space    used 2054K, capacity 2185K, committed 2304K, reserved 1048576K
}

